<?xml version="1.0" encoding="UTF-8" ?>
<testsuite tests="9" failures="2" name="com.example.SqrtTest" time="0.039" errors="0" skipped="0">
  <properties>
[...]
</properties>
  <testcase classname="com.example.SqrtTest" name="com.example.SqrtTest.testPositiveNumber" time="0.009"/>
  <testcase classname="com.example.SqrtTest" name="com.example.SqrtTest.testZero" time="0.029">
    <failure message="expected: &lt;0.0&gt; but was: &lt;6.103515625E-5&gt;" type="org.opentest4j.AssertionFailedError">org.opentest4j.AssertionFailedError: expected: &lt;0.0&gt; but was: &lt;6.103515625E-5&gt;
	at org.junit.jupiter.api.AssertionFailureBuilder.build(AssertionFailureBuilder.java:151)
	at org.junit.jupiter.api.AssertionFailureBuilder.buildAndThrow(AssertionFailureBuilder.java:132)
	at org.junit.jupiter.api.AssertEquals.failNotEqual(AssertEquals.java:197)
	at org.junit.jupiter.api.AssertEquals.assertEquals(AssertEquals.java:86)
	at org.junit.jupiter.api.AssertEquals.assertEquals(AssertEquals.java:81)
	at org.junit.jupiter.api.Assertions.assertEquals(Assertions.java:1014)
	at com.example.SqrtTest.testZero(SqrtTest.java:19)
</failure>
  </testcase>
  <testcase classname="com.example.SqrtTest" name="com.example.SqrtTest.testGoodGuess" time="0"/>
  <testcase classname="com.example.SqrtTest" name="com.example.SqrtTest.testAverage" time="0"/>
  <testcase classname="com.example.SqrtTest" name="com.example.SqrtTest.testBadGuess" time="0"/>
  <testcase classname="com.example.SqrtTest" name="com.example.SqrtTest.testOne" time="0"/>
  <testcase classname="com.example.SqrtTest" name="com.example.SqrtTest.testSmallNumber" time="0"/>
  <testcase classname="com.example.SqrtTest" name="com.example.SqrtTest.testLargeNumber" time="0"/>
  <testcase classname="com.example.SqrtTest" name="com.example.SqrtTest.testImprove" time="0.001">
    <failure message="expected: &lt;true&gt; but was: &lt;false&gt;" type="org.opentest4j.AssertionFailedError">org.opentest4j.AssertionFailedError: expected: &lt;true&gt; but was: &lt;false&gt;
	at org.junit.jupiter.api.AssertionFailureBuilder.build(AssertionFailureBuilder.java:151)
	at org.junit.jupiter.api.AssertionFailureBuilder.buildAndThrow(AssertionFailureBuilder.java:132)
	at org.junit.jupiter.api.AssertTrue.failNotTrue(AssertTrue.java:63)
	at org.junit.jupiter.api.AssertTrue.assertTrue(AssertTrue.java:36)
	at org.junit.jupiter.api.AssertTrue.assertTrue(AssertTrue.java:31)
	at org.junit.jupiter.api.Assertions.assertTrue(Assertions.java:183)
	at com.example.SqrtTest.testImprove(SqrtTest.java:45)
</failure>
  </testcase>
</testsuite>