<?xml version="1.0" encoding="UTF-8"?>
<testsuite xmlns:xsi="http://www.w3.org/2001/XMLSchema-instance" xsi:noNamespaceSchemaLocation="https://maven.apache.org/surefire/maven-surefire-plugin/xsd/surefire-test-report-3.0.xsd" version="3.0" name="com.st5.SqrtClassTest" time="0.016" tests="11" errors="0" skipped="0" failures="0">
  <properties>
[...]
</properties>
  <testcase name="TestCalcFunctionSmallNumber" classname="com.st5.SqrtClassTest" time="0.001"/>
  <testcase name="TestCalcFunctionSquare" classname="com.st5.SqrtClassTest" time="0.001"/>
  <testcase name="TestGoodFunction" classname="com.st5.SqrtClassTest" time="0.0"/>
  <testcase name="TestCalcFunctionNearRightOne" classname="com.st5.SqrtClassTest" time="0.001"/>
  <testcase name="TestCalcFunctionNearLeftOne" classname="com.st5.SqrtClassTest" time="0.0"/>
  <testcase name="TestImproveFunction" classname="com.st5.SqrtClassTest" time="0.0"/>
  <testcase name="TestCalcFunction" classname="com.st5.SqrtClassTest" time="0.0"/>
  <testcase name="TestAverageValue" classname="com.st5.SqrtClassTest" time="0.0"/>
  <testcase name="TestIterFunction" classname="com.st5.SqrtClassTest" time="0.001"/>
  <testcase name="TestCalcFunctionBigNumber" classname="com.st5.SqrtClassTest" time="0.001"/>
  <testcase name="TestCalcFunctionOnOne" classname="com.st5.SqrtClassTest" time="0.001"/>
</testsuite>